[12/8/2025 7:47:21 AM] Starting explicit file extension fix in C:\OpsToolkit
[12/8/2025 7:47:21 AM] Renamed: C:\OpsToolkit\bootstrap.ps1.txt -> C:\OpsToolkit\bootstrap.ps1
[12/8/2025 7:47:21 AM] Renamed: C:\OpsToolkit\CONTRIBUTING.md.txt -> C:\OpsToolkit\CONTRIBUTING.md
[12/8/2025 7:47:21 AM] Renamed: C:\OpsToolkit\Install-OpsToolkit.psm1.txt -> C:\OpsToolkit\Install-OpsToolkit.psm1
[12/8/2025 7:47:21 AM] Renamed: C:\OpsToolkit\README.md.txt -> C:\OpsToolkit\README.md
[12/8/2025 7:47:21 AM] Renamed: C:\OpsToolkit\incoming\code.ps1.txt -> C:\OpsToolkit\incoming\code.ps1
[12/8/2025 7:47:21 AM] Renamed: C:\OpsToolkit\incoming\Duplicate.ps1.txt -> C:\OpsToolkit\incoming\Duplicate.ps1
[12/8/2025 7:47:21 AM] Renamed: C:\OpsToolkit\Launcher\OpsToolkitLauncher.psm1.txt -> C:\OpsToolkit\Launcher\OpsToolkitLauncher.psm1
[12/8/2025 7:47:21 AM] Renamed: C:\OpsToolkit\modules\convert-heic.psm1.log -> C:\OpsToolkit\modules\convert-heic.psm1
[12/8/2025 7:47:21 AM] Renamed: C:\OpsToolkit\modules\Create-ScheduledTask.psm1.txt -> C:\OpsToolkit\modules\Create-ScheduledTask.psm1
[12/8/2025 7:47:21 AM] Renamed: C:\OpsToolkit\modules\Csv-Consolidate.psm1.log -> C:\OpsToolkit\modules\Csv-Consolidate.psm1
[12/8/2025 7:47:21 AM] Renamed: C:\OpsToolkit\modules\Csv-ToPdf.psm1.log -> C:\OpsToolkit\modules\Csv-ToPdf.psm1
[12/8/2025 7:47:21 AM] Renamed: C:\OpsToolkit\modules\Dedupe-Music.psm1.log -> C:\OpsToolkit\modules\Dedupe-Music.psm1
[12/8/2025 7:47:21 AM] Renamed: C:\OpsToolkit\modules\Dedupe-Videos.psm1.log -> C:\OpsToolkit\modules\Dedupe-Videos.psm1
[12/8/2025 7:47:21 AM] Renamed: C:\OpsToolkit\modules\export-edgebookmarks.psm1.log -> C:\OpsToolkit\modules\export-edgebookmarks.psm1
[12/8/2025 7:47:21 AM] Renamed: C:\OpsToolkit\modules\Export-InstalledPrograms.psm1.txt -> C:\OpsToolkit\modules\Export-InstalledPrograms.psm1
[12/8/2025 7:47:21 AM] Renamed: C:\OpsToolkit\modules\Install-AndroidDriver.psm1.txt -> C:\OpsToolkit\modules\Install-AndroidDriver.psm1
[12/8/2025 7:47:21 AM] Renamed: C:\OpsToolkit\modules\Install-DockerDesktop.psm1.txt -> C:\OpsToolkit\modules\Install-DockerDesktop.psm1
[12/8/2025 7:47:21 AM] Renamed: C:\OpsToolkit\modules\Install-FFmpeg.psm1.txt -> C:\OpsToolkit\modules\Install-FFmpeg.psm1
[12/8/2025 7:47:21 AM] Renamed: C:\OpsToolkit\modules\Install-GitExtensions.psm1.txt -> C:\OpsToolkit\modules\Install-GitExtensions.psm1
[12/8/2025 7:47:21 AM] Renamed: C:\OpsToolkit\modules\install-imagemagick.psm1.txt -> C:\OpsToolkit\modules\install-imagemagick.psm1
[12/8/2025 7:47:21 AM] Renamed: C:\OpsToolkit\modules\Install-PythonPackages.psm1.txt -> C:\OpsToolkit\modules\Install-PythonPackages.psm1
[12/8/2025 7:47:21 AM] Renamed: C:\OpsToolkit\modules\Install-VSCode.psm1.txt -> C:\OpsToolkit\modules\Install-VSCode.psm1
[12/8/2025 7:47:21 AM] Renamed: C:\OpsToolkit\modules\Install-VSCodeExtensions.psm1.txt -> C:\OpsToolkit\modules\Install-VSCodeExtensions.psm1
[12/8/2025 7:47:21 AM] Renamed: C:\OpsToolkit\modules\Install-WindowsContextMenu.psm1.txt -> C:\OpsToolkit\modules\Install-WindowsContextMenu.psm1
[12/8/2025 7:47:21 AM] Renamed: C:\OpsToolkit\modules\Install-WindowsDeveloperTools.psm1.txt -> C:\OpsToolkit\modules\Install-WindowsDeveloperTools.psm1
[12/8/2025 7:47:21 AM] Renamed: C:\OpsToolkit\modules\Install-WindowsExplorerTweaks.psm1.txt -> C:\OpsToolkit\modules\Install-WindowsExplorerTweaks.psm1
[12/8/2025 7:47:21 AM] Renamed: C:\OpsToolkit\modules\install-windowsfeatures.psm1.txt -> C:\OpsToolkit\modules\install-windowsfeatures.psm1
[12/8/2025 7:47:21 AM] Renamed: C:\OpsToolkit\modules\Install-WindowsFonts.psm1.txt -> C:\OpsToolkit\modules\Install-WindowsFonts.psm1
[12/8/2025 7:47:21 AM] Renamed: C:\OpsToolkit\modules\Install-WindowsPowerSettings.psm1.txt -> C:\OpsToolkit\modules\Install-WindowsPowerSettings.psm1
[12/8/2025 7:47:21 AM] Renamed: C:\OpsToolkit\modules\Install-WindowsPrivacySettings.psm1.txt -> C:\OpsToolkit\modules\Install-WindowsPrivacySettings.psm1
[12/8/2025 7:47:21 AM] Renamed: C:\OpsToolkit\modules\Install-WindowsSecurityBaseline.psm1.txt -> C:\OpsToolkit\modules\Install-WindowsSecurityBaseline.psm1
[12/8/2025 7:47:21 AM] Renamed: C:\OpsToolkit\modules\Install-WindowsSubsystemAndroid.psm1.txt -> C:\OpsToolkit\modules\Install-WindowsSubsystemAndroid.psm1
[12/8/2025 7:47:21 AM] Renamed: C:\OpsToolkit\modules\Install-WindowsSubsystemLinux.psm1.txt -> C:\OpsToolkit\modules\Install-WindowsSubsystemLinux.psm1
[12/8/2025 7:47:21 AM] Renamed: C:\OpsToolkit\modules\Install-WindowsTerminalBackup.psm1.txt -> C:\OpsToolkit\modules\Install-WindowsTerminalBackup.psm1
[12/8/2025 7:47:21 AM] Renamed: C:\OpsToolkit\modules\Install-WindowsTerminalColorSchemes.psm1.txt -> C:\OpsToolkit\modules\Install-WindowsTerminalColorSchemes.psm1
[12/8/2025 7:47:21 AM] Renamed: C:\OpsToolkit\modules\Install-WindowsTerminalDefaults.psm1.txt -> C:\OpsToolkit\modules\Install-WindowsTerminalDefaults.psm1
[12/8/2025 7:47:21 AM] Renamed: C:\OpsToolkit\modules\Install-WindowsTerminalExtensions.psm1.txt -> C:\OpsToolkit\modules\Install-WindowsTerminalExtensions.psm1
[12/8/2025 7:47:21 AM] Renamed: C:\OpsToolkit\modules\Install-WindowsTerminalIcons.psm1.txt -> C:\OpsToolkit\modules\Install-WindowsTerminalIcons.psm1
[12/8/2025 7:47:21 AM] Renamed: C:\OpsToolkit\modules\Install-WindowsTerminalKeybindings.psm1.txt -> C:\OpsToolkit\modules\Install-WindowsTerminalKeybindings.psm1
[12/8/2025 7:47:21 AM] Renamed: C:\OpsToolkit\modules\Install-WindowsTerminalThemes.psm1.txt -> C:\OpsToolkit\modules\Install-WindowsTerminalThemes.psm1
[12/8/2025 7:47:21 AM] Renamed: C:\OpsToolkit\modules\install-winget.psm1.txt -> C:\OpsToolkit\modules\install-winget.psm1
[12/8/2025 7:47:21 AM] Renamed: C:\OpsToolkit\modules\Install-WindowsDeveloperMode.psm1.txt -> C:\OpsToolkit\modules\Install-WindowsDeveloperMode.psm1
[12/8/2025 7:47:22 AM] Renamed: C:\OpsToolkit\modules\Install-WindowsPackageManager.psm1.txt -> C:\OpsToolkit\modules\Install-WindowsPackageManager.psm1
[12/8/2025 7:47:22 AM] Renamed: C:\OpsToolkit\modules\Install-WindowsTerminal.psm1.txt -> C:\OpsToolkit\modules\Install-WindowsTerminal.psm1
[12/8/2025 7:47:22 AM] Renamed: C:\OpsToolkit\modules\Install-WindowsTerminalProfiles.psm1.txt -> C:\OpsToolkit\modules\Install-WindowsTerminalProfiles.psm1
[12/8/2025 7:47:22 AM] Renamed: C:\OpsToolkit\modules\Restructure-ByCountry.psm1.txt -> C:\OpsToolkit\modules\Restructure-ByCountry.psm1
[12/8/2025 7:47:22 AM] Renamed: C:\OpsToolkit\modules\Run-PhilatelyApp.psm1.txt -> C:\OpsToolkit\modules\Run-PhilatelyApp.psm1
[12/8/2025 7:47:22 AM] Renamed: C:\OpsToolkit\modules\Scan-Drives.psm1.log -> C:\OpsToolkit\modules\Scan-Drives.psm1
[12/8/2025 7:47:22 AM] Renamed: C:\OpsToolkit\modules\Straighten-Images.psm1.txt -> C:\OpsToolkit\modules\Straighten-Images.psm1
[12/8/2025 7:47:22 AM] Renamed: C:\OpsToolkit\modules\utility\filesystem.psm1.txt -> C:\OpsToolkit\modules\utility\filesystem.psm1
[12/8/2025 7:47:22 AM] Renamed: C:\OpsToolkit\modules\utility\Hashing.psm1.txt -> C:\OpsToolkit\modules\utility\Hashing.psm1
[12/8/2025 7:47:22 AM] Renamed: C:\OpsToolkit\modules\utility\logging.psm1.txt -> C:\OpsToolkit\modules\utility\logging.psm1
[12/8/2025 7:47:22 AM] Renamed: C:\OpsToolkit\modules\utility\prompts.psm1.txt -> C:\OpsToolkit\modules\utility\prompts.psm1
[12/8/2025 7:47:22 AM] Renamed: C:\OpsToolkit\scripts\CreateScheduledTask.ps1.txt -> C:\OpsToolkit\scripts\CreateScheduledTask.ps1
[12/8/2025 7:47:22 AM] Renamed: C:\OpsToolkit\scripts\InstalledPrograms.ps1.txt -> C:\OpsToolkit\scripts\InstalledPrograms.ps1
[12/8/2025 7:47:22 AM] Explicit extension fix complete. Renamed=55, Skipped=14
